<?xml version="1.0" encoding="UTF-8"?>
<testsuite xmlns:xsi="http://www.w3.org/2001/XMLSchema-instance" xsi:noNamespaceSchemaLocation="https://maven.apache.org/surefire/maven-surefire-plugin/xsd/surefire-test-report.xsd" name="TestSuite" time="6.23" tests="19" errors="0" skipped="15" failures="4">
  <properties>
    <property name="java.specification.version" value="13"/>
    <property name="sun.cpu.isalist" value="amd64"/>
    <property name="sun.jnu.encoding" value="Cp1252"/>
    <property name="java.class.path" value="C:/Users/vladi/apache-maven-3.6.3/boot/plexus-classworlds-2.6.0.jar"/>
    <property name="java.vm.vendor" value="Oracle Corporation"/>
    <property name="sun.arch.data.model" value="64"/>
    <property name="user.variant" value=""/>
    <property name="java.vendor.url" value="https://java.oracle.com/"/>
    <property name="user.timezone" value="America/Los_Angeles"/>
    <property name="maven.conf" value="C:/Users/vladi/apache-maven-3.6.3/conf"/>
    <property name="java.vm.specification.version" value="13"/>
    <property name="os.name" value="Windows 10"/>
    <property name="sun.java.launcher" value="SUN_STANDARD"/>
    <property name="user.country" value="US"/>
    <property name="sun.boot.library.path" value="C:\Program Files\Java\jdk-13.0.2\bin"/>
    <property name="sun.java.command" value="org.codehaus.plexus.classworlds.launcher.Launcher test"/>
    <property name="jdk.debug" value="release"/>
    <property name="maven.home" value="C:\Users\vladi\apache-maven-3.6.3"/>
    <property name="sun.cpu.endian" value="little"/>
    <property name="user.home" value="C:\Users\vladi"/>
    <property name="user.language" value="en"/>
    <property name="java.specification.vendor" value="Oracle Corporation"/>
    <property name="java.version.date" value="2020-01-14"/>
    <property name="java.home" value="C:\Program Files\Java\jdk-13.0.2"/>
    <property name="file.separator" value="\"/>
    <property name="java.vm.compressedOopsMode" value="32-bit"/>
    <property name="line.separator" value="&#10;"/>
    <property name="java.vm.specification.vendor" value="Oracle Corporation"/>
    <property name="java.specification.name" value="Java Platform API Specification"/>
    <property name="user.script" value=""/>
    <property name="sun.management.compiler" value="HotSpot 64-Bit Tiered Compilers"/>
    <property name="java.runtime.version" value="13.0.2+8"/>
    <property name="user.name" value="vladi"/>
    <property name="path.separator" value=";"/>
    <property name="os.version" value="10.0"/>
    <property name="java.runtime.name" value="Java(TM) SE Runtime Environment"/>
    <property name="file.encoding" value="Cp1252"/>
    <property name="guice.disable.misplaced.annotation.check" value="true"/>
    <property name="java.vm.name" value="Java HotSpot(TM) 64-Bit Server VM"/>
    <property name="java.vendor.url.bug" value="https://bugreport.java.com/bugreport/"/>
    <property name="java.io.tmpdir" value="C:\Users\vladi\AppData\Local\Temp\"/>
    <property name="java.version" value="13.0.2"/>
    <property name="user.dir" value="C:\Users\vladi\workspace\E2EProject"/>
    <property name="os.arch" value="amd64"/>
    <property name="maven.multiModuleProjectDirectory" value="C:/Users/vladi/workspace/E2EProject"/>
    <property name="java.vm.specification.name" value="Java Virtual Machine Specification"/>
    <property name="sun.os.patch.level" value=""/>
    <property name="java.library.path" value="C:\Program Files\Java\jdk-13.0.2\bin;C:\windows\Sun\Java\bin;C:\windows\system32;C:\windows;C:\Users\vladi\bin;C:\Program Files\Git\mingw64\bin;C:\Program Files\Git\usr\local\bin;C:\Program Files\Git\usr\bin;C:\Program Files\Git\usr\bin;C:\Program Files\Git\mingw64\bin;C:\Program Files\Git\usr\bin;C:\Users\vladi\bin;C:\windows\system32;C:\windows;C:\windows\System32\Wbem;C:\windows\System32\WindowsPowerShell\v1.0;C:\windows\System32\OpenSSH;C:\Program Files\nodejs;C:\Program Files\Java\jdk-13.0.2\bin;C:\Users\vladi\AppData\Local\Android\Sdk\tools\bin;C:\Users\vladi\AppData\Local\Android\Sdk\tools;C:\Users\vladi\AppData\Local\Android\Sdk\platform-tools;C:\Program Files\nodejs\node_modules\npm\bin;C:\Program Files\Java\jdk-13.0.2\bin;C:\Users\vladi\apache-maven-3.6.3\bin;C:\Program Files\Git\cmd;C:\Users\vladi\apache-ant-1.9.15-bin\apache-ant-1.9.15\bin;C:\Users\vladi\AppData\Local\Microsoft\WindowsApps;C:\Users\vladi\AppData\Roaming\npm;C:\Users\vladi\AppData\Local\Programs\Microsoft VS Code\bin;C:\Program Files\Git\usr\bin\vendor_perl;C:\Program Files\Git\usr\bin\core_perl;."/>
    <property name="java.vm.info" value="mixed mode, sharing"/>
    <property name="java.vendor" value="Oracle Corporation"/>
    <property name="java.vm.version" value="13.0.2+8"/>
    <property name="classworlds.conf" value="C:/Users/vladi/apache-maven-3.6.3/bin/m2.conf"/>
    <property name="sun.io.unicode.encoding" value="UnicodeLittle"/>
    <property name="library.jansi.path" value="C:/Users/vladi/apache-maven-3.6.3/lib/jansi-native"/>
    <property name="java.class.version" value="57.0"/>
  </properties>
  <testcase name="initialize" classname="Academy.HomePage" time="2.381">
    <failure message="session not created: This version of ChromeDriver only supports Chrome version 80&#10;Build info: version: &apos;3.141.59&apos;, revision: &apos;e82be7d358&apos;, time: &apos;2018-11-14T08:17:03&apos;&#10;System info: host: &apos;DESKTOP-DCMMFHS&apos;, ip: &apos;192.168.7.112&apos;, os.name: &apos;Windows 10&apos;, os.arch: &apos;amd64&apos;, os.version: &apos;10.0&apos;, java.version: &apos;13.0.2&apos;&#10;Driver info: driver.version: ChromeDriver&#10;remote stacktrace: Backtrace:&#10;	Ordinal0 [0x00870C83+1707139]&#10;	Ordinal0 [0x007D68F1+1075441]&#10;	Ordinal0 [0x0074DFC9+516041]&#10;	Ordinal0 [0x006E0554+66900]&#10;	Ordinal0 [0x006DCCE2+52450]&#10;	Ordinal0 [0x006FBFD7+180183]&#10;	Ordinal0 [0x006FBDDD+179677]&#10;	Ordinal0 [0x006F9D4B+171339]&#10;	Ordinal0 [0x006E1D4A+73034]&#10;	Ordinal0 [0x006E2DC0+77248]&#10;	Ordinal0 [0x006E2D59+77145]&#10;	Ordinal0 [0x007EBB67+1162087]&#10;	GetHandleVerifier [0x0090A966+508998]&#10;	GetHandleVerifier [0x0090A6A4+508292]&#10;	GetHandleVerifier [0x0091F7B7+594583]&#10;	GetHandleVerifier [0x0090B1D6+511158]&#10;	Ordinal0 [0x007E402C+1130540]&#10;	Ordinal0 [0x007ED4CB+1168587]&#10;	Ordinal0 [0x007ED633+1168947]&#10;	Ordinal0 [0x00805B35+1268533]&#10;	BaseThreadInitThunk [0x75AB6359+25]&#10;	RtlGetAppContainerNamedObjectPath [0x77307C24+228]&#10;	RtlGetAppContainerNamedObjectPath [0x77307BF4+180]&#10;" type="org.openqa.selenium.SessionNotCreatedException">org.openqa.selenium.SessionNotCreatedException: 
session not created: This version of ChromeDriver only supports Chrome version 80
Build info: version: '3.141.59', revision: 'e82be7d358', time: '2018-11-14T08:17:03'
System info: host: 'DESKTOP-DCMMFHS', ip: '192.168.7.112', os.name: 'Windows 10', os.arch: 'amd64', os.version: '10.0', java.version: '13.0.2'
Driver info: driver.version: ChromeDriver
remote stacktrace: Backtrace:
	Ordinal0 [0x00870C83+1707139]
	Ordinal0 [0x007D68F1+1075441]
	Ordinal0 [0x0074DFC9+516041]
	Ordinal0 [0x006E0554+66900]
	Ordinal0 [0x006DCCE2+52450]
	Ordinal0 [0x006FBFD7+180183]
	Ordinal0 [0x006FBDDD+179677]
	Ordinal0 [0x006F9D4B+171339]
	Ordinal0 [0x006E1D4A+73034]
	Ordinal0 [0x006E2DC0+77248]
	Ordinal0 [0x006E2D59+77145]
	Ordinal0 [0x007EBB67+1162087]
	GetHandleVerifier [0x0090A966+508998]
	GetHandleVerifier [0x0090A6A4+508292]
	GetHandleVerifier [0x0091F7B7+594583]
	GetHandleVerifier [0x0090B1D6+511158]
	Ordinal0 [0x007E402C+1130540]
	Ordinal0 [0x007ED4CB+1168587]
	Ordinal0 [0x007ED633+1168947]
	Ordinal0 [0x00805B35+1268533]
	BaseThreadInitThunk [0x75AB6359+25]
	RtlGetAppContainerNamedObjectPath [0x77307C24+228]
	RtlGetAppContainerNamedObjectPath [0x77307BF4+180]

	at Academy.HomePage.initialize(HomePage.java:26)
</failure>
    <system-out><![CDATA[chrome
]]></system-out>
    <system-err><![CDATA[Starting ChromeDriver 80.0.3987.106 (f68069574609230cf9b635cd784cfb1bf81bb53a-refs/branch-heads/3987@{#882}) on port 47867
Only local connections are allowed.
Please protect ports used by ChromeDriver and related test frameworks to prevent access by malicious code.
]]></system-err>
  </testcase>
  <testcase name="basePageNavigation" classname="Academy.HomePage" time="0">
    <skipped message="session not created: This version of ChromeDriver only supports Chrome version 80&#10;Build info: version: &apos;3.141.59&apos;, revision: &apos;e82be7d358&apos;, time: &apos;2018-11-14T08:17:03&apos;&#10;System info: host: &apos;DESKTOP-DCMMFHS&apos;, ip: &apos;192.168.7.112&apos;, os.name: &apos;Windows 10&apos;, os.arch: &apos;amd64&apos;, os.version: &apos;10.0&apos;, java.version: &apos;13.0.2&apos;&#10;Driver info: driver.version: ChromeDriver&#10;remote stacktrace: Backtrace:&#10;	Ordinal0 [0x00870C83+1707139]&#10;	Ordinal0 [0x007D68F1+1075441]&#10;	Ordinal0 [0x0074DFC9+516041]&#10;	Ordinal0 [0x006E0554+66900]&#10;	Ordinal0 [0x006DCCE2+52450]&#10;	Ordinal0 [0x006FBFD7+180183]&#10;	Ordinal0 [0x006FBDDD+179677]&#10;	Ordinal0 [0x006F9D4B+171339]&#10;	Ordinal0 [0x006E1D4A+73034]&#10;	Ordinal0 [0x006E2DC0+77248]&#10;	Ordinal0 [0x006E2D59+77145]&#10;	Ordinal0 [0x007EBB67+1162087]&#10;	GetHandleVerifier [0x0090A966+508998]&#10;	GetHandleVerifier [0x0090A6A4+508292]&#10;	GetHandleVerifier [0x0091F7B7+594583]&#10;	GetHandleVerifier [0x0090B1D6+511158]&#10;	Ordinal0 [0x007E402C+1130540]&#10;	Ordinal0 [0x007ED4CB+1168587]&#10;	Ordinal0 [0x007ED633+1168947]&#10;	Ordinal0 [0x00805B35+1268533]&#10;	BaseThreadInitThunk [0x75AB6359+25]&#10;	RtlGetAppContainerNamedObjectPath [0x77307C24+228]&#10;	RtlGetAppContainerNamedObjectPath [0x77307BF4+180]&#10;"/>
  </testcase>
  <testcase name="basePageNavigation" classname="Academy.HomePage" time="0">
    <skipped message="session not created: This version of ChromeDriver only supports Chrome version 80&#10;Build info: version: &apos;3.141.59&apos;, revision: &apos;e82be7d358&apos;, time: &apos;2018-11-14T08:17:03&apos;&#10;System info: host: &apos;DESKTOP-DCMMFHS&apos;, ip: &apos;192.168.7.112&apos;, os.name: &apos;Windows 10&apos;, os.arch: &apos;amd64&apos;, os.version: &apos;10.0&apos;, java.version: &apos;13.0.2&apos;&#10;Driver info: driver.version: ChromeDriver&#10;remote stacktrace: Backtrace:&#10;	Ordinal0 [0x00870C83+1707139]&#10;	Ordinal0 [0x007D68F1+1075441]&#10;	Ordinal0 [0x0074DFC9+516041]&#10;	Ordinal0 [0x006E0554+66900]&#10;	Ordinal0 [0x006DCCE2+52450]&#10;	Ordinal0 [0x006FBFD7+180183]&#10;	Ordinal0 [0x006FBDDD+179677]&#10;	Ordinal0 [0x006F9D4B+171339]&#10;	Ordinal0 [0x006E1D4A+73034]&#10;	Ordinal0 [0x006E2DC0+77248]&#10;	Ordinal0 [0x006E2D59+77145]&#10;	Ordinal0 [0x007EBB67+1162087]&#10;	GetHandleVerifier [0x0090A966+508998]&#10;	GetHandleVerifier [0x0090A6A4+508292]&#10;	GetHandleVerifier [0x0091F7B7+594583]&#10;	GetHandleVerifier [0x0090B1D6+511158]&#10;	Ordinal0 [0x007E402C+1130540]&#10;	Ordinal0 [0x007ED4CB+1168587]&#10;	Ordinal0 [0x007ED633+1168947]&#10;	Ordinal0 [0x00805B35+1268533]&#10;	BaseThreadInitThunk [0x75AB6359+25]&#10;	RtlGetAppContainerNamedObjectPath [0x77307C24+228]&#10;	RtlGetAppContainerNamedObjectPath [0x77307BF4+180]&#10;"/>
  </testcase>
  <testcase name="tearDown" classname="Academy.HomePage" time="0">
    <skipped/>
  </testcase>
  <testcase name="initialize" classname="Academy.ValidateNavigationBar" time="1.418">
    <failure message="session not created: This version of ChromeDriver only supports Chrome version 80&#10;Build info: version: &apos;3.141.59&apos;, revision: &apos;e82be7d358&apos;, time: &apos;2018-11-14T08:17:03&apos;&#10;System info: host: &apos;DESKTOP-DCMMFHS&apos;, ip: &apos;192.168.7.112&apos;, os.name: &apos;Windows 10&apos;, os.arch: &apos;amd64&apos;, os.version: &apos;10.0&apos;, java.version: &apos;13.0.2&apos;&#10;Driver info: driver.version: ChromeDriver&#10;remote stacktrace: Backtrace:&#10;	Ordinal0 [0x00870C83+1707139]&#10;	Ordinal0 [0x007D68F1+1075441]&#10;	Ordinal0 [0x0074DFC9+516041]&#10;	Ordinal0 [0x006E0554+66900]&#10;	Ordinal0 [0x006DCCE2+52450]&#10;	Ordinal0 [0x006FBFD7+180183]&#10;	Ordinal0 [0x006FBDDD+179677]&#10;	Ordinal0 [0x006F9D4B+171339]&#10;	Ordinal0 [0x006E1D4A+73034]&#10;	Ordinal0 [0x006E2DC0+77248]&#10;	Ordinal0 [0x006E2D59+77145]&#10;	Ordinal0 [0x007EBB67+1162087]&#10;	GetHandleVerifier [0x0090A966+508998]&#10;	GetHandleVerifier [0x0090A6A4+508292]&#10;	GetHandleVerifier [0x0091F7B7+594583]&#10;	GetHandleVerifier [0x0090B1D6+511158]&#10;	Ordinal0 [0x007E402C+1130540]&#10;	Ordinal0 [0x007ED4CB+1168587]&#10;	Ordinal0 [0x007ED633+1168947]&#10;	Ordinal0 [0x00805B35+1268533]&#10;	BaseThreadInitThunk [0x75AB6359+25]&#10;	RtlGetAppContainerNamedObjectPath [0x77307C24+228]&#10;	RtlGetAppContainerNamedObjectPath [0x77307BF4+180]&#10;" type="org.openqa.selenium.SessionNotCreatedException">org.openqa.selenium.SessionNotCreatedException: 
session not created: This version of ChromeDriver only supports Chrome version 80
Build info: version: '3.141.59', revision: 'e82be7d358', time: '2018-11-14T08:17:03'
System info: host: 'DESKTOP-DCMMFHS', ip: '192.168.7.112', os.name: 'Windows 10', os.arch: 'amd64', os.version: '10.0', java.version: '13.0.2'
Driver info: driver.version: ChromeDriver
remote stacktrace: Backtrace:
	Ordinal0 [0x00870C83+1707139]
	Ordinal0 [0x007D68F1+1075441]
	Ordinal0 [0x0074DFC9+516041]
	Ordinal0 [0x006E0554+66900]
	Ordinal0 [0x006DCCE2+52450]
	Ordinal0 [0x006FBFD7+180183]
	Ordinal0 [0x006FBDDD+179677]
	Ordinal0 [0x006F9D4B+171339]
	Ordinal0 [0x006E1D4A+73034]
	Ordinal0 [0x006E2DC0+77248]
	Ordinal0 [0x006E2D59+77145]
	Ordinal0 [0x007EBB67+1162087]
	GetHandleVerifier [0x0090A966+508998]
	GetHandleVerifier [0x0090A6A4+508292]
	GetHandleVerifier [0x0091F7B7+594583]
	GetHandleVerifier [0x0090B1D6+511158]
	Ordinal0 [0x007E402C+1130540]
	Ordinal0 [0x007ED4CB+1168587]
	Ordinal0 [0x007ED633+1168947]
	Ordinal0 [0x00805B35+1268533]
	BaseThreadInitThunk [0x75AB6359+25]
	RtlGetAppContainerNamedObjectPath [0x77307C24+228]
	RtlGetAppContainerNamedObjectPath [0x77307BF4+180]

	at Academy.ValidateNavigationBar.initialize(ValidateNavigationBar.java:23)
</failure>
    <system-out><![CDATA[chrome
]]></system-out>
    <system-err><![CDATA[Starting ChromeDriver 80.0.3987.106 (f68069574609230cf9b635cd784cfb1bf81bb53a-refs/branch-heads/3987@{#882}) on port 44392
Only local connections are allowed.
Please protect ports used by ChromeDriver and related test frameworks to prevent access by malicious code.
]]></system-err>
  </testcase>
  <testcase name="validateAppNavigationBar" classname="Academy.ValidateNavigationBar" time="0">
    <skipped message="session not created: This version of ChromeDriver only supports Chrome version 80&#10;Build info: version: &apos;3.141.59&apos;, revision: &apos;e82be7d358&apos;, time: &apos;2018-11-14T08:17:03&apos;&#10;System info: host: &apos;DESKTOP-DCMMFHS&apos;, ip: &apos;192.168.7.112&apos;, os.name: &apos;Windows 10&apos;, os.arch: &apos;amd64&apos;, os.version: &apos;10.0&apos;, java.version: &apos;13.0.2&apos;&#10;Driver info: driver.version: ChromeDriver&#10;remote stacktrace: Backtrace:&#10;	Ordinal0 [0x00870C83+1707139]&#10;	Ordinal0 [0x007D68F1+1075441]&#10;	Ordinal0 [0x0074DFC9+516041]&#10;	Ordinal0 [0x006E0554+66900]&#10;	Ordinal0 [0x006DCCE2+52450]&#10;	Ordinal0 [0x006FBFD7+180183]&#10;	Ordinal0 [0x006FBDDD+179677]&#10;	Ordinal0 [0x006F9D4B+171339]&#10;	Ordinal0 [0x006E1D4A+73034]&#10;	Ordinal0 [0x006E2DC0+77248]&#10;	Ordinal0 [0x006E2D59+77145]&#10;	Ordinal0 [0x007EBB67+1162087]&#10;	GetHandleVerifier [0x0090A966+508998]&#10;	GetHandleVerifier [0x0090A6A4+508292]&#10;	GetHandleVerifier [0x0091F7B7+594583]&#10;	GetHandleVerifier [0x0090B1D6+511158]&#10;	Ordinal0 [0x007E402C+1130540]&#10;	Ordinal0 [0x007ED4CB+1168587]&#10;	Ordinal0 [0x007ED633+1168947]&#10;	Ordinal0 [0x00805B35+1268533]&#10;	BaseThreadInitThunk [0x75AB6359+25]&#10;	RtlGetAppContainerNamedObjectPath [0x77307C24+228]&#10;	RtlGetAppContainerNamedObjectPath [0x77307BF4+180]&#10;"/>
  </testcase>
  <testcase name="tearDown" classname="Academy.ValidateNavigationBar" time="0">
    <skipped/>
  </testcase>
  <testcase name="initialize" classname="Academy.ValidateTitle" time="1.117">
    <failure message="session not created: This version of ChromeDriver only supports Chrome version 80&#10;Build info: version: &apos;3.141.59&apos;, revision: &apos;e82be7d358&apos;, time: &apos;2018-11-14T08:17:03&apos;&#10;System info: host: &apos;DESKTOP-DCMMFHS&apos;, ip: &apos;192.168.7.112&apos;, os.name: &apos;Windows 10&apos;, os.arch: &apos;amd64&apos;, os.version: &apos;10.0&apos;, java.version: &apos;13.0.2&apos;&#10;Driver info: driver.version: ChromeDriver&#10;remote stacktrace: Backtrace:&#10;	Ordinal0 [0x00870C83+1707139]&#10;	Ordinal0 [0x007D68F1+1075441]&#10;	Ordinal0 [0x0074DFC9+516041]&#10;	Ordinal0 [0x006E0554+66900]&#10;	Ordinal0 [0x006DCCE2+52450]&#10;	Ordinal0 [0x006FBFD7+180183]&#10;	Ordinal0 [0x006FBDDD+179677]&#10;	Ordinal0 [0x006F9D4B+171339]&#10;	Ordinal0 [0x006E1D4A+73034]&#10;	Ordinal0 [0x006E2DC0+77248]&#10;	Ordinal0 [0x006E2D59+77145]&#10;	Ordinal0 [0x007EBB67+1162087]&#10;	GetHandleVerifier [0x0090A966+508998]&#10;	GetHandleVerifier [0x0090A6A4+508292]&#10;	GetHandleVerifier [0x0091F7B7+594583]&#10;	GetHandleVerifier [0x0090B1D6+511158]&#10;	Ordinal0 [0x007E402C+1130540]&#10;	Ordinal0 [0x007ED4CB+1168587]&#10;	Ordinal0 [0x007ED633+1168947]&#10;	Ordinal0 [0x00805B35+1268533]&#10;	BaseThreadInitThunk [0x75AB6359+25]&#10;	RtlGetAppContainerNamedObjectPath [0x77307C24+228]&#10;	RtlGetAppContainerNamedObjectPath [0x77307BF4+180]&#10;" type="org.openqa.selenium.SessionNotCreatedException">org.openqa.selenium.SessionNotCreatedException: 
session not created: This version of ChromeDriver only supports Chrome version 80
Build info: version: '3.141.59', revision: 'e82be7d358', time: '2018-11-14T08:17:03'
System info: host: 'DESKTOP-DCMMFHS', ip: '192.168.7.112', os.name: 'Windows 10', os.arch: 'amd64', os.version: '10.0', java.version: '13.0.2'
Driver info: driver.version: ChromeDriver
remote stacktrace: Backtrace:
	Ordinal0 [0x00870C83+1707139]
	Ordinal0 [0x007D68F1+1075441]
	Ordinal0 [0x0074DFC9+516041]
	Ordinal0 [0x006E0554+66900]
	Ordinal0 [0x006DCCE2+52450]
	Ordinal0 [0x006FBFD7+180183]
	Ordinal0 [0x006FBDDD+179677]
	Ordinal0 [0x006F9D4B+171339]
	Ordinal0 [0x006E1D4A+73034]
	Ordinal0 [0x006E2DC0+77248]
	Ordinal0 [0x006E2D59+77145]
	Ordinal0 [0x007EBB67+1162087]
	GetHandleVerifier [0x0090A966+508998]
	GetHandleVerifier [0x0090A6A4+508292]
	GetHandleVerifier [0x0091F7B7+594583]
	GetHandleVerifier [0x0090B1D6+511158]
	Ordinal0 [0x007E402C+1130540]
	Ordinal0 [0x007ED4CB+1168587]
	Ordinal0 [0x007ED633+1168947]
	Ordinal0 [0x00805B35+1268533]
	BaseThreadInitThunk [0x75AB6359+25]
	RtlGetAppContainerNamedObjectPath [0x77307C24+228]
	RtlGetAppContainerNamedObjectPath [0x77307BF4+180]

	at Academy.ValidateTitle.initialize(ValidateTitle.java:24)
</failure>
    <system-out><![CDATA[chrome
]]></system-out>
    <system-err><![CDATA[Starting ChromeDriver 80.0.3987.106 (f68069574609230cf9b635cd784cfb1bf81bb53a-refs/branch-heads/3987@{#882}) on port 5858
Only local connections are allowed.
Please protect ports used by ChromeDriver and related test frameworks to prevent access by malicious code.
]]></system-err>
  </testcase>
  <testcase name="validateAppTitle" classname="Academy.ValidateTitle" time="0">
    <skipped message="session not created: This version of ChromeDriver only supports Chrome version 80&#10;Build info: version: &apos;3.141.59&apos;, revision: &apos;e82be7d358&apos;, time: &apos;2018-11-14T08:17:03&apos;&#10;System info: host: &apos;DESKTOP-DCMMFHS&apos;, ip: &apos;192.168.7.112&apos;, os.name: &apos;Windows 10&apos;, os.arch: &apos;amd64&apos;, os.version: &apos;10.0&apos;, java.version: &apos;13.0.2&apos;&#10;Driver info: driver.version: ChromeDriver&#10;remote stacktrace: Backtrace:&#10;	Ordinal0 [0x00870C83+1707139]&#10;	Ordinal0 [0x007D68F1+1075441]&#10;	Ordinal0 [0x0074DFC9+516041]&#10;	Ordinal0 [0x006E0554+66900]&#10;	Ordinal0 [0x006DCCE2+52450]&#10;	Ordinal0 [0x006FBFD7+180183]&#10;	Ordinal0 [0x006FBDDD+179677]&#10;	Ordinal0 [0x006F9D4B+171339]&#10;	Ordinal0 [0x006E1D4A+73034]&#10;	Ordinal0 [0x006E2DC0+77248]&#10;	Ordinal0 [0x006E2D59+77145]&#10;	Ordinal0 [0x007EBB67+1162087]&#10;	GetHandleVerifier [0x0090A966+508998]&#10;	GetHandleVerifier [0x0090A6A4+508292]&#10;	GetHandleVerifier [0x0091F7B7+594583]&#10;	GetHandleVerifier [0x0090B1D6+511158]&#10;	Ordinal0 [0x007E402C+1130540]&#10;	Ordinal0 [0x007ED4CB+1168587]&#10;	Ordinal0 [0x007ED633+1168947]&#10;	Ordinal0 [0x00805B35+1268533]&#10;	BaseThreadInitThunk [0x75AB6359+25]&#10;	RtlGetAppContainerNamedObjectPath [0x77307C24+228]&#10;	RtlGetAppContainerNamedObjectPath [0x77307BF4+180]&#10;"/>
  </testcase>
  <testcase name="validateCoursesLink" classname="Academy.ValidateTitle" time="0">
    <skipped message="session not created: This version of ChromeDriver only supports Chrome version 80&#10;Build info: version: &apos;3.141.59&apos;, revision: &apos;e82be7d358&apos;, time: &apos;2018-11-14T08:17:03&apos;&#10;System info: host: &apos;DESKTOP-DCMMFHS&apos;, ip: &apos;192.168.7.112&apos;, os.name: &apos;Windows 10&apos;, os.arch: &apos;amd64&apos;, os.version: &apos;10.0&apos;, java.version: &apos;13.0.2&apos;&#10;Driver info: driver.version: ChromeDriver&#10;remote stacktrace: Backtrace:&#10;	Ordinal0 [0x00870C83+1707139]&#10;	Ordinal0 [0x007D68F1+1075441]&#10;	Ordinal0 [0x0074DFC9+516041]&#10;	Ordinal0 [0x006E0554+66900]&#10;	Ordinal0 [0x006DCCE2+52450]&#10;	Ordinal0 [0x006FBFD7+180183]&#10;	Ordinal0 [0x006FBDDD+179677]&#10;	Ordinal0 [0x006F9D4B+171339]&#10;	Ordinal0 [0x006E1D4A+73034]&#10;	Ordinal0 [0x006E2DC0+77248]&#10;	Ordinal0 [0x006E2D59+77145]&#10;	Ordinal0 [0x007EBB67+1162087]&#10;	GetHandleVerifier [0x0090A966+508998]&#10;	GetHandleVerifier [0x0090A6A4+508292]&#10;	GetHandleVerifier [0x0091F7B7+594583]&#10;	GetHandleVerifier [0x0090B1D6+511158]&#10;	Ordinal0 [0x007E402C+1130540]&#10;	Ordinal0 [0x007ED4CB+1168587]&#10;	Ordinal0 [0x007ED633+1168947]&#10;	Ordinal0 [0x00805B35+1268533]&#10;	BaseThreadInitThunk [0x75AB6359+25]&#10;	RtlGetAppContainerNamedObjectPath [0x77307C24+228]&#10;	RtlGetAppContainerNamedObjectPath [0x77307BF4+180]&#10;"/>
  </testcase>
  <testcase name="validateHeader" classname="Academy.ValidateTitle" time="0">
    <skipped message="session not created: This version of ChromeDriver only supports Chrome version 80&#10;Build info: version: &apos;3.141.59&apos;, revision: &apos;e82be7d358&apos;, time: &apos;2018-11-14T08:17:03&apos;&#10;System info: host: &apos;DESKTOP-DCMMFHS&apos;, ip: &apos;192.168.7.112&apos;, os.name: &apos;Windows 10&apos;, os.arch: &apos;amd64&apos;, os.version: &apos;10.0&apos;, java.version: &apos;13.0.2&apos;&#10;Driver info: driver.version: ChromeDriver&#10;remote stacktrace: Backtrace:&#10;	Ordinal0 [0x00870C83+1707139]&#10;	Ordinal0 [0x007D68F1+1075441]&#10;	Ordinal0 [0x0074DFC9+516041]&#10;	Ordinal0 [0x006E0554+66900]&#10;	Ordinal0 [0x006DCCE2+52450]&#10;	Ordinal0 [0x006FBFD7+180183]&#10;	Ordinal0 [0x006FBDDD+179677]&#10;	Ordinal0 [0x006F9D4B+171339]&#10;	Ordinal0 [0x006E1D4A+73034]&#10;	Ordinal0 [0x006E2DC0+77248]&#10;	Ordinal0 [0x006E2D59+77145]&#10;	Ordinal0 [0x007EBB67+1162087]&#10;	GetHandleVerifier [0x0090A966+508998]&#10;	GetHandleVerifier [0x0090A6A4+508292]&#10;	GetHandleVerifier [0x0091F7B7+594583]&#10;	GetHandleVerifier [0x0090B1D6+511158]&#10;	Ordinal0 [0x007E402C+1130540]&#10;	Ordinal0 [0x007ED4CB+1168587]&#10;	Ordinal0 [0x007ED633+1168947]&#10;	Ordinal0 [0x00805B35+1268533]&#10;	BaseThreadInitThunk [0x75AB6359+25]&#10;	RtlGetAppContainerNamedObjectPath [0x77307C24+228]&#10;	RtlGetAppContainerNamedObjectPath [0x77307BF4+180]&#10;"/>
  </testcase>
  <testcase name="tearDown" classname="Academy.ValidateTitle" time="0">
    <skipped/>
  </testcase>
  <testcase name="initialize" classname="Academy.ValidateAcademyPage" time="1.118">
    <failure message="session not created: This version of ChromeDriver only supports Chrome version 80&#10;Build info: version: &apos;3.141.59&apos;, revision: &apos;e82be7d358&apos;, time: &apos;2018-11-14T08:17:03&apos;&#10;System info: host: &apos;DESKTOP-DCMMFHS&apos;, ip: &apos;192.168.7.112&apos;, os.name: &apos;Windows 10&apos;, os.arch: &apos;amd64&apos;, os.version: &apos;10.0&apos;, java.version: &apos;13.0.2&apos;&#10;Driver info: driver.version: ChromeDriver&#10;remote stacktrace: Backtrace:&#10;	Ordinal0 [0x00870C83+1707139]&#10;	Ordinal0 [0x007D68F1+1075441]&#10;	Ordinal0 [0x0074DFC9+516041]&#10;	Ordinal0 [0x006E0554+66900]&#10;	Ordinal0 [0x006DCCE2+52450]&#10;	Ordinal0 [0x006FBFD7+180183]&#10;	Ordinal0 [0x006FBDDD+179677]&#10;	Ordinal0 [0x006F9D4B+171339]&#10;	Ordinal0 [0x006E1D4A+73034]&#10;	Ordinal0 [0x006E2DC0+77248]&#10;	Ordinal0 [0x006E2D59+77145]&#10;	Ordinal0 [0x007EBB67+1162087]&#10;	GetHandleVerifier [0x0090A966+508998]&#10;	GetHandleVerifier [0x0090A6A4+508292]&#10;	GetHandleVerifier [0x0091F7B7+594583]&#10;	GetHandleVerifier [0x0090B1D6+511158]&#10;	Ordinal0 [0x007E402C+1130540]&#10;	Ordinal0 [0x007ED4CB+1168587]&#10;	Ordinal0 [0x007ED633+1168947]&#10;	Ordinal0 [0x00805B35+1268533]&#10;	BaseThreadInitThunk [0x75AB6359+25]&#10;	RtlGetAppContainerNamedObjectPath [0x77307C24+228]&#10;	RtlGetAppContainerNamedObjectPath [0x77307BF4+180]&#10;" type="org.openqa.selenium.SessionNotCreatedException">org.openqa.selenium.SessionNotCreatedException: 
session not created: This version of ChromeDriver only supports Chrome version 80
Build info: version: '3.141.59', revision: 'e82be7d358', time: '2018-11-14T08:17:03'
System info: host: 'DESKTOP-DCMMFHS', ip: '192.168.7.112', os.name: 'Windows 10', os.arch: 'amd64', os.version: '10.0', java.version: '13.0.2'
Driver info: driver.version: ChromeDriver
remote stacktrace: Backtrace:
	Ordinal0 [0x00870C83+1707139]
	Ordinal0 [0x007D68F1+1075441]
	Ordinal0 [0x0074DFC9+516041]
	Ordinal0 [0x006E0554+66900]
	Ordinal0 [0x006DCCE2+52450]
	Ordinal0 [0x006FBFD7+180183]
	Ordinal0 [0x006FBDDD+179677]
	Ordinal0 [0x006F9D4B+171339]
	Ordinal0 [0x006E1D4A+73034]
	Ordinal0 [0x006E2DC0+77248]
	Ordinal0 [0x006E2D59+77145]
	Ordinal0 [0x007EBB67+1162087]
	GetHandleVerifier [0x0090A966+508998]
	GetHandleVerifier [0x0090A6A4+508292]
	GetHandleVerifier [0x0091F7B7+594583]
	GetHandleVerifier [0x0090B1D6+511158]
	Ordinal0 [0x007E402C+1130540]
	Ordinal0 [0x007ED4CB+1168587]
	Ordinal0 [0x007ED633+1168947]
	Ordinal0 [0x00805B35+1268533]
	BaseThreadInitThunk [0x75AB6359+25]
	RtlGetAppContainerNamedObjectPath [0x77307C24+228]
	RtlGetAppContainerNamedObjectPath [0x77307BF4+180]

	at Academy.ValidateAcademyPage.initialize(ValidateAcademyPage.java:25)
</failure>
    <system-out><![CDATA[chrome
]]></system-out>
    <system-err><![CDATA[Starting ChromeDriver 80.0.3987.106 (f68069574609230cf9b635cd784cfb1bf81bb53a-refs/branch-heads/3987@{#882}) on port 22345
Only local connections are allowed.
Please protect ports used by ChromeDriver and related test frameworks to prevent access by malicious code.
]]></system-err>
  </testcase>
  <testcase name="validateAppium" classname="Academy.ValidateAcademyPage" time="0">
    <skipped message="session not created: This version of ChromeDriver only supports Chrome version 80&#10;Build info: version: &apos;3.141.59&apos;, revision: &apos;e82be7d358&apos;, time: &apos;2018-11-14T08:17:03&apos;&#10;System info: host: &apos;DESKTOP-DCMMFHS&apos;, ip: &apos;192.168.7.112&apos;, os.name: &apos;Windows 10&apos;, os.arch: &apos;amd64&apos;, os.version: &apos;10.0&apos;, java.version: &apos;13.0.2&apos;&#10;Driver info: driver.version: ChromeDriver&#10;remote stacktrace: Backtrace:&#10;	Ordinal0 [0x00870C83+1707139]&#10;	Ordinal0 [0x007D68F1+1075441]&#10;	Ordinal0 [0x0074DFC9+516041]&#10;	Ordinal0 [0x006E0554+66900]&#10;	Ordinal0 [0x006DCCE2+52450]&#10;	Ordinal0 [0x006FBFD7+180183]&#10;	Ordinal0 [0x006FBDDD+179677]&#10;	Ordinal0 [0x006F9D4B+171339]&#10;	Ordinal0 [0x006E1D4A+73034]&#10;	Ordinal0 [0x006E2DC0+77248]&#10;	Ordinal0 [0x006E2D59+77145]&#10;	Ordinal0 [0x007EBB67+1162087]&#10;	GetHandleVerifier [0x0090A966+508998]&#10;	GetHandleVerifier [0x0090A6A4+508292]&#10;	GetHandleVerifier [0x0091F7B7+594583]&#10;	GetHandleVerifier [0x0090B1D6+511158]&#10;	Ordinal0 [0x007E402C+1130540]&#10;	Ordinal0 [0x007ED4CB+1168587]&#10;	Ordinal0 [0x007ED633+1168947]&#10;	Ordinal0 [0x00805B35+1268533]&#10;	BaseThreadInitThunk [0x75AB6359+25]&#10;	RtlGetAppContainerNamedObjectPath [0x77307C24+228]&#10;	RtlGetAppContainerNamedObjectPath [0x77307BF4+180]&#10;"/>
  </testcase>
  <testcase name="validateLinkedinLink" classname="Academy.ValidateAcademyPage" time="0">
    <skipped message="session not created: This version of ChromeDriver only supports Chrome version 80&#10;Build info: version: &apos;3.141.59&apos;, revision: &apos;e82be7d358&apos;, time: &apos;2018-11-14T08:17:03&apos;&#10;System info: host: &apos;DESKTOP-DCMMFHS&apos;, ip: &apos;192.168.7.112&apos;, os.name: &apos;Windows 10&apos;, os.arch: &apos;amd64&apos;, os.version: &apos;10.0&apos;, java.version: &apos;13.0.2&apos;&#10;Driver info: driver.version: ChromeDriver&#10;remote stacktrace: Backtrace:&#10;	Ordinal0 [0x00870C83+1707139]&#10;	Ordinal0 [0x007D68F1+1075441]&#10;	Ordinal0 [0x0074DFC9+516041]&#10;	Ordinal0 [0x006E0554+66900]&#10;	Ordinal0 [0x006DCCE2+52450]&#10;	Ordinal0 [0x006FBFD7+180183]&#10;	Ordinal0 [0x006FBDDD+179677]&#10;	Ordinal0 [0x006F9D4B+171339]&#10;	Ordinal0 [0x006E1D4A+73034]&#10;	Ordinal0 [0x006E2DC0+77248]&#10;	Ordinal0 [0x006E2D59+77145]&#10;	Ordinal0 [0x007EBB67+1162087]&#10;	GetHandleVerifier [0x0090A966+508998]&#10;	GetHandleVerifier [0x0090A6A4+508292]&#10;	GetHandleVerifier [0x0091F7B7+594583]&#10;	GetHandleVerifier [0x0090B1D6+511158]&#10;	Ordinal0 [0x007E402C+1130540]&#10;	Ordinal0 [0x007ED4CB+1168587]&#10;	Ordinal0 [0x007ED633+1168947]&#10;	Ordinal0 [0x00805B35+1268533]&#10;	BaseThreadInitThunk [0x75AB6359+25]&#10;	RtlGetAppContainerNamedObjectPath [0x77307C24+228]&#10;	RtlGetAppContainerNamedObjectPath [0x77307BF4+180]&#10;"/>
  </testcase>
  <testcase name="validateLinks" classname="Academy.ValidateAcademyPage" time="0">
    <skipped message="session not created: This version of ChromeDriver only supports Chrome version 80&#10;Build info: version: &apos;3.141.59&apos;, revision: &apos;e82be7d358&apos;, time: &apos;2018-11-14T08:17:03&apos;&#10;System info: host: &apos;DESKTOP-DCMMFHS&apos;, ip: &apos;192.168.7.112&apos;, os.name: &apos;Windows 10&apos;, os.arch: &apos;amd64&apos;, os.version: &apos;10.0&apos;, java.version: &apos;13.0.2&apos;&#10;Driver info: driver.version: ChromeDriver&#10;remote stacktrace: Backtrace:&#10;	Ordinal0 [0x00870C83+1707139]&#10;	Ordinal0 [0x007D68F1+1075441]&#10;	Ordinal0 [0x0074DFC9+516041]&#10;	Ordinal0 [0x006E0554+66900]&#10;	Ordinal0 [0x006DCCE2+52450]&#10;	Ordinal0 [0x006FBFD7+180183]&#10;	Ordinal0 [0x006FBDDD+179677]&#10;	Ordinal0 [0x006F9D4B+171339]&#10;	Ordinal0 [0x006E1D4A+73034]&#10;	Ordinal0 [0x006E2DC0+77248]&#10;	Ordinal0 [0x006E2D59+77145]&#10;	Ordinal0 [0x007EBB67+1162087]&#10;	GetHandleVerifier [0x0090A966+508998]&#10;	GetHandleVerifier [0x0090A6A4+508292]&#10;	GetHandleVerifier [0x0091F7B7+594583]&#10;	GetHandleVerifier [0x0090B1D6+511158]&#10;	Ordinal0 [0x007E402C+1130540]&#10;	Ordinal0 [0x007ED4CB+1168587]&#10;	Ordinal0 [0x007ED633+1168947]&#10;	Ordinal0 [0x00805B35+1268533]&#10;	BaseThreadInitThunk [0x75AB6359+25]&#10;	RtlGetAppContainerNamedObjectPath [0x77307C24+228]&#10;	RtlGetAppContainerNamedObjectPath [0x77307BF4+180]&#10;"/>
  </testcase>
  <testcase name="validateLogin" classname="Academy.ValidateAcademyPage" time="0">
    <skipped message="session not created: This version of ChromeDriver only supports Chrome version 80&#10;Build info: version: &apos;3.141.59&apos;, revision: &apos;e82be7d358&apos;, time: &apos;2018-11-14T08:17:03&apos;&#10;System info: host: &apos;DESKTOP-DCMMFHS&apos;, ip: &apos;192.168.7.112&apos;, os.name: &apos;Windows 10&apos;, os.arch: &apos;amd64&apos;, os.version: &apos;10.0&apos;, java.version: &apos;13.0.2&apos;&#10;Driver info: driver.version: ChromeDriver&#10;remote stacktrace: Backtrace:&#10;	Ordinal0 [0x00870C83+1707139]&#10;	Ordinal0 [0x007D68F1+1075441]&#10;	Ordinal0 [0x0074DFC9+516041]&#10;	Ordinal0 [0x006E0554+66900]&#10;	Ordinal0 [0x006DCCE2+52450]&#10;	Ordinal0 [0x006FBFD7+180183]&#10;	Ordinal0 [0x006FBDDD+179677]&#10;	Ordinal0 [0x006F9D4B+171339]&#10;	Ordinal0 [0x006E1D4A+73034]&#10;	Ordinal0 [0x006E2DC0+77248]&#10;	Ordinal0 [0x006E2D59+77145]&#10;	Ordinal0 [0x007EBB67+1162087]&#10;	GetHandleVerifier [0x0090A966+508998]&#10;	GetHandleVerifier [0x0090A6A4+508292]&#10;	GetHandleVerifier [0x0091F7B7+594583]&#10;	GetHandleVerifier [0x0090B1D6+511158]&#10;	Ordinal0 [0x007E402C+1130540]&#10;	Ordinal0 [0x007ED4CB+1168587]&#10;	Ordinal0 [0x007ED633+1168947]&#10;	Ordinal0 [0x00805B35+1268533]&#10;	BaseThreadInitThunk [0x75AB6359+25]&#10;	RtlGetAppContainerNamedObjectPath [0x77307C24+228]&#10;	RtlGetAppContainerNamedObjectPath [0x77307BF4+180]&#10;"/>
  </testcase>
  <testcase name="validateTitle" classname="Academy.ValidateAcademyPage" time="0">
    <skipped message="session not created: This version of ChromeDriver only supports Chrome version 80&#10;Build info: version: &apos;3.141.59&apos;, revision: &apos;e82be7d358&apos;, time: &apos;2018-11-14T08:17:03&apos;&#10;System info: host: &apos;DESKTOP-DCMMFHS&apos;, ip: &apos;192.168.7.112&apos;, os.name: &apos;Windows 10&apos;, os.arch: &apos;amd64&apos;, os.version: &apos;10.0&apos;, java.version: &apos;13.0.2&apos;&#10;Driver info: driver.version: ChromeDriver&#10;remote stacktrace: Backtrace:&#10;	Ordinal0 [0x00870C83+1707139]&#10;	Ordinal0 [0x007D68F1+1075441]&#10;	Ordinal0 [0x0074DFC9+516041]&#10;	Ordinal0 [0x006E0554+66900]&#10;	Ordinal0 [0x006DCCE2+52450]&#10;	Ordinal0 [0x006FBFD7+180183]&#10;	Ordinal0 [0x006FBDDD+179677]&#10;	Ordinal0 [0x006F9D4B+171339]&#10;	Ordinal0 [0x006E1D4A+73034]&#10;	Ordinal0 [0x006E2DC0+77248]&#10;	Ordinal0 [0x006E2D59+77145]&#10;	Ordinal0 [0x007EBB67+1162087]&#10;	GetHandleVerifier [0x0090A966+508998]&#10;	GetHandleVerifier [0x0090A6A4+508292]&#10;	GetHandleVerifier [0x0091F7B7+594583]&#10;	GetHandleVerifier [0x0090B1D6+511158]&#10;	Ordinal0 [0x007E402C+1130540]&#10;	Ordinal0 [0x007ED4CB+1168587]&#10;	Ordinal0 [0x007ED633+1168947]&#10;	Ordinal0 [0x00805B35+1268533]&#10;	BaseThreadInitThunk [0x75AB6359+25]&#10;	RtlGetAppContainerNamedObjectPath [0x77307C24+228]&#10;	RtlGetAppContainerNamedObjectPath [0x77307BF4+180]&#10;"/>
  </testcase>
  <testcase name="tearDown" classname="Academy.ValidateAcademyPage" time="0">
    <skipped/>
  </testcase>
</testsuite>