<?xml version="1.0" encoding="UTF-8"?>
<!-- Generated by org.testng.reporters.JUnitReportReporter -->
<testsuite hostname="DESKTOP-DCMMFHS" failures="0" tests="1" name="Academy.ValidateNavigationBar" time="0.062" errors="0" timestamp="2020-05-17T20:09:49 PDT" skipped="0">
  <testcase classname="Academy.ValidateNavigationBar" name="validateAppNavigationBar" time="0.062"/>
  <system-out/>
</testsuite> <!-- Academy.ValidateNavigationBar -->
