<?xml version="1.0" encoding="UTF-8"?>
<!-- Generated by org.testng.reporters.JUnitReportReporter -->
<testsuite hostname="DESKTOP-DCMMFHS" failures="0" tests="3" name="Academy.ValidateCoursesPage" time="0.258" errors="0" timestamp="2020-04-29T23:18:09 PDT" skipped="0">
  <testcase classname="Academy.ValidateCoursesPage" name="validateLinkedinLink" time="0.181"/>
  <system-out/>
  <testcase classname="Academy.ValidateCoursesPage" name="validateTitle" time="0.051"/>
  <system-out/>
  <testcase classname="Academy.ValidateCoursesPage" name="validateLogin" time="0.026"/>
  <system-out/>
</testsuite> <!-- Academy.ValidateCoursesPage -->
