<?xml version="1.0" encoding="UTF-8"?>
<!-- Generated by org.testng.reporters.JUnitReportReporter -->
<testsuite hostname="DESKTOP-DCMMFHS" failures="0" tests="5" name="Academy.ValidateAcademyPage" time="0.669" errors="0" timestamp="2020-05-17T20:09:49 PDT" skipped="0">
  <testcase classname="Academy.ValidateAcademyPage" name="validateLinkedinLink" time="0.071"/>
  <system-out/>
  <testcase classname="Academy.ValidateAcademyPage" name="validateAppium" time="0.311"/>
  <system-out/>
  <testcase classname="Academy.ValidateAcademyPage" name="validateTitle" time="0.054"/>
  <system-out/>
  <testcase classname="Academy.ValidateAcademyPage" name="validateLogin" time="0.057"/>
  <system-out/>
  <testcase classname="Academy.ValidateAcademyPage" name="validateLinks" time="0.176"/>
  <system-out/>
</testsuite> <!-- Academy.ValidateAcademyPage -->
