<?xml version="1.0" encoding="UTF-8"?>
<!-- Generated by org.testng.reporters.JUnitReportReporter -->
<testsuite hostname="DESKTOP-DCMMFHS" failures="0" tests="1" name="Academy.ValidateBar" time="8.220" errors="0" timestamp="20 Apr 2020 17:19:39 GMT">
  <testcase classname="Academy.ValidateBar" name="basePageNavigation" time="8.220"/>
</testsuite> <!-- Academy.ValidateBar -->
