<?xml version="1.0" encoding="UTF-8"?>
<!-- Generated by org.testng.reporters.JUnitReportReporter -->
<testsuite hostname="DESKTOP-DCMMFHS" failures="0" tests="3" name="Academy.HomePage" time="11.777" errors="0" timestamp="2020-05-17T20:09:49 PDT" skipped="1">
  <testcase classname="Academy.HomePage" name="basePageNavigation" time="5.267"/>
  <system-out/>
  <testcase classname="Academy.HomePage" name="basePageNavigation" time="6.510"/>
  <system-out/>
  <testcase classname="Academy.HomePage" name="navigateCourses">
    <skipped/>
  </testcase> <!-- navigateCourses -->
  <system-out/>
</testsuite> <!-- Academy.HomePage -->
