<?xml version="1.0" encoding="UTF-8"?>
<!-- Generated by org.testng.reporters.JUnitReportReporter -->
<testsuite hostname="DESKTOP-DCMMFHS" failures="0" tests="6" name="Academy.ValidateAcademyPage" time="1.081" errors="1" timestamp="2020-09-11T18:35:18 PDT" skipped="5">
  <testcase classname="Academy.ValidateAcademyPage" name="validateLinks" time="0.000">
    <skipped/>
  </testcase> <!-- validateLinks -->
  <system-out/>
  <testcase classname="Academy.ValidateAcademyPage" name="validateLogin" time="0.000">
    <skipped/>
  </testcase> <!-- validateLogin -->
  <system-out/>
  <testcase classname="Academy.ValidateAcademyPage" name="validateAppium" time="0.000">
    <skipped/>
  </testcase> <!-- validateAppium -->
  <system-out/>
  <testcase classname="Academy.ValidateAcademyPage" name="validateLinkedinLink" time="0.000">
    <skipped/>
  </testcase> <!-- validateLinkedinLink -->
  <system-out/>
  <testcase classname="Academy.ValidateAcademyPage" name="validateTitle" time="0.000">
    <skipped/>
  </testcase> <!-- validateTitle -->
  <system-out/>
  <testcase classname="Academy.ValidateAcademyPage" name="initialize" time="1.081">
    <error message="session not created: This version of ChromeDriver only supports Chrome version 80
Build info: version: &#039;3.141.59&#039;, revision: &#039;e82be7d358&#039;, time: &#039;2018-11-14T08:17:03&#039;
System info: host: &#039;DESKTOP-DCMMFHS&#039;, ip: &#039;192.168.7.112&#039;, os.name: &#039;Windows 10&#039;, os.arch: &#039;amd64&#039;, os.version: &#039;10.0&#039;, java.version: &#039;13.0.2&#039;
Driver info: driver.version: ChromeDriver
remote stacktrace: Backtrace:
	Ordinal0 [0x00870C83+1707139]
	Ordinal0 [0x007D68F1+1075441]
	Ordinal0 [0x0074DFC9+516041]
	Ordinal0 [0x006E0554+66900]
	Ordinal0 [0x006DCCE2+52450]
	Ordinal0 [0x006FBFD7+180183]
	Ordinal0 [0x006FBDDD+179677]
	Ordinal0 [0x006F9D4B+171339]
	Ordinal0 [0x006E1D4A+73034]
	Ordinal0 [0x006E2DC0+77248]
	Ordinal0 [0x006E2D59+77145]
	Ordinal0 [0x007EBB67+1162087]
	GetHandleVerifier [0x0090A966+508998]
	GetHandleVerifier [0x0090A6A4+508292]
	GetHandleVerifier [0x0091F7B7+594583]
	GetHandleVerifier [0x0090B1D6+511158]
	Ordinal0 [0x007E402C+1130540]
	Ordinal0 [0x007ED4CB+1168587]
	Ordinal0 [0x007ED633+1168947]
	Ordinal0 [0x00805B35+1268533]
	BaseThreadInitThunk [0x75AB6359+25]
	RtlGetAppContainerNamedObjectPath [0x77307C24+228]
	RtlGetAppContainerNamedObjectPath [0x77307BF4+180]
" type="org.openqa.selenium.SessionNotCreatedException">
      <![CDATA[org.openqa.selenium.SessionNotCreatedException: session not created: This version of ChromeDriver only supports Chrome version 80
Build info: version: '3.141.59', revision: 'e82be7d358', time: '2018-11-14T08:17:03'
System info: host: 'DESKTOP-DCMMFHS', ip: '192.168.7.112', os.name: 'Windows 10', os.arch: 'amd64', os.version: '10.0', java.version: '13.0.2'
Driver info: driver.version: ChromeDriver
remote stacktrace: Backtrace:
Ordinal0 [0x00870C83+1707139]
Ordinal0 [0x007D68F1+1075441]
Ordinal0 [0x0074DFC9+516041]
Ordinal0 [0x006E0554+66900]
Ordinal0 [0x006DCCE2+52450]
Ordinal0 [0x006FBFD7+180183]
Ordinal0 [0x006FBDDD+179677]
Ordinal0 [0x006F9D4B+171339]
Ordinal0 [0x006E1D4A+73034]
Ordinal0 [0x006E2DC0+77248]
Ordinal0 [0x006E2D59+77145]
Ordinal0 [0x007EBB67+1162087]
GetHandleVerifier [0x0090A966+508998]
GetHandleVerifier [0x0090A6A4+508292]
GetHandleVerifier [0x0091F7B7+594583]
GetHandleVerifier [0x0090B1D6+511158]
Ordinal0 [0x007E402C+1130540]
Ordinal0 [0x007ED4CB+1168587]
Ordinal0 [0x007ED633+1168947]
Ordinal0 [0x00805B35+1268533]
BaseThreadInitThunk [0x75AB6359+25]
RtlGetAppContainerNamedObjectPath [0x77307C24+228]
RtlGetAppContainerNamedObjectPath [0x77307BF4+180]

at java.base/jdk.internal.reflect.NativeConstructorAccessorImpl.newInstance0(Native Method)
at java.base/jdk.internal.reflect.NativeConstructorAccessorImpl.newInstance(NativeConstructorAccessorImpl.java:62)
at java.base/jdk.internal.reflect.DelegatingConstructorAccessorImpl.newInstance(DelegatingConstructorAccessorImpl.java:45)
at java.base/java.lang.reflect.Constructor.newInstanceWithCaller(Constructor.java:500)
at java.base/java.lang.reflect.Constructor.newInstance(Constructor.java:481)
at org.openqa.selenium.remote.W3CHandshakeResponse.lambda$errorHandler$0(W3CHandshakeResponse.java:62)
at org.openqa.selenium.remote.HandshakeResponse.lambda$getResponseFunction$0(HandshakeResponse.java:30)
at org.openqa.selenium.remote.ProtocolHandshake.lambda$createSession$0(ProtocolHandshake.java:126)
at java.base/java.util.stream.ReferencePipeline$3$1.accept(ReferencePipeline.java:195)
at java.base/java.util.Spliterators$ArraySpliterator.tryAdvance(Spliterators.java:958)
at java.base/java.util.stream.ReferencePipeline.forEachWithCancel(ReferencePipeline.java:127)
at java.base/java.util.stream.AbstractPipeline.copyIntoWithCancel(AbstractPipeline.java:502)
at java.base/java.util.stream.AbstractPipeline.copyInto(AbstractPipeline.java:488)
at java.base/java.util.stream.AbstractPipeline.wrapAndCopyInto(AbstractPipeline.java:474)
at java.base/java.util.stream.FindOps$FindOp.evaluateSequential(FindOps.java:150)
at java.base/java.util.stream.AbstractPipeline.evaluate(AbstractPipeline.java:234)
at java.base/java.util.stream.ReferencePipeline.findFirst(ReferencePipeline.java:543)
at org.openqa.selenium.remote.ProtocolHandshake.createSession(ProtocolHandshake.java:128)
at org.openqa.selenium.remote.ProtocolHandshake.createSession(ProtocolHandshake.java:74)
at org.openqa.selenium.remote.HttpCommandExecutor.execute(HttpCommandExecutor.java:136)
at org.openqa.selenium.remote.service.DriverCommandExecutor.execute(DriverCommandExecutor.java:83)
at org.openqa.selenium.remote.RemoteWebDriver.execute(RemoteWebDriver.java:552)
at org.openqa.selenium.remote.RemoteWebDriver.startSession(RemoteWebDriver.java:213)
at org.openqa.selenium.remote.RemoteWebDriver.<init>(RemoteWebDriver.java:131)
at org.openqa.selenium.chrome.ChromeDriver.<init>(ChromeDriver.java:181)
at org.openqa.selenium.chrome.ChromeDriver.<init>(ChromeDriver.java:168)
at org.openqa.selenium.chrome.ChromeDriver.<init>(ChromeDriver.java:157)
at resources.Base.initializeDriver(Base.java:48)
at Academy.ValidateAcademyPage.initialize(ValidateAcademyPage.java:25)
at java.base/jdk.internal.reflect.NativeMethodAccessorImpl.invoke0(Native Method)
at java.base/jdk.internal.reflect.NativeMethodAccessorImpl.invoke(NativeMethodAccessorImpl.java:62)
at java.base/jdk.internal.reflect.DelegatingMethodAccessorImpl.invoke(DelegatingMethodAccessorImpl.java:43)
at java.base/java.lang.reflect.Method.invoke(Method.java:567)
at org.testng.internal.MethodInvocationHelper.invokeMethod(MethodInvocationHelper.java:134)
at org.testng.internal.MethodInvocationHelper.invokeMethodConsideringTimeout(MethodInvocationHelper.java:63)
at org.testng.internal.ConfigInvoker.invokeConfigurationMethod(ConfigInvoker.java:348)
at org.testng.internal.ConfigInvoker.invokeConfigurations(ConfigInvoker.java:302)
at org.testng.TestRunner.invokeTestConfigurations(TestRunner.java:619)
at org.testng.TestRunner.beforeRun(TestRunner.java:609)
at org.testng.TestRunner.run(TestRunner.java:580)
at org.testng.SuiteRunner.runTest(SuiteRunner.java:384)
at org.testng.SuiteRunner.runSequentially(SuiteRunner.java:378)
at org.testng.SuiteRunner.privateRun(SuiteRunner.java:337)
at org.testng.SuiteRunner.run(SuiteRunner.java:286)
at org.testng.SuiteRunnerWorker.runSuite(SuiteRunnerWorker.java:53)
at org.testng.SuiteRunnerWorker.run(SuiteRunnerWorker.java:96)
at org.testng.TestNG.runSuitesSequentially(TestNG.java:1187)
at org.testng.TestNG.runSuitesLocally(TestNG.java:1109)
at org.testng.TestNG.runSuites(TestNG.java:1039)
at org.testng.TestNG.run(TestNG.java:1007)
at org.apache.maven.surefire.testng.TestNGExecutor.run(TestNGExecutor.java:283)
at org.apache.maven.surefire.testng.TestNGXmlTestSuite.execute(TestNGXmlTestSuite.java:75)
at org.apache.maven.surefire.testng.TestNGProvider.invoke(TestNGProvider.java:120)
at org.apache.maven.surefire.booter.ForkedBooter.invokeProviderInSameClassLoader(ForkedBooter.java:386)
at org.apache.maven.surefire.booter.ForkedBooter.runSuitesInProcess(ForkedBooter.java:323)
at org.apache.maven.surefire.booter.ForkedBooter.main(ForkedBooter.java:143)
]]>
    </error>
  </testcase> <!-- initialize -->
  <system-out/>
</testsuite> <!-- Academy.ValidateAcademyPage -->
