<?xml version="1.0" encoding="UTF-8"?>
<!-- Generated by org.testng.reporters.JUnitReportReporter -->
<testsuite hostname="DESKTOP-DCMMFHS" failures="0" tests="2" name="Academy.HomePage" time="23.600" errors="0" timestamp="11 May 2020 22:46:04 GMT">
  <testcase classname="Academy.HomePage" name="basePageNavigation" time="13.843"/>
  <testcase classname="Academy.HomePage" name="basePageNavigation" time="9.757"/>
</testsuite> <!-- Academy.HomePage -->
