<?xml version="1.0" encoding="UTF-8"?>
<!-- Generated by org.testng.reporters.JUnitReportReporter -->
<testsuite hostname="DESKTOP-DCMMFHS" failures="0" tests="1" name="Academy.ValidateNavigationBar" time="0.057" errors="0" timestamp="2020-09-11T18:44:34 PDT" skipped="0">
  <testcase classname="Academy.ValidateNavigationBar" name="validateAppNavigationBar" time="0.057"/>
  <system-out/>
</testsuite> <!-- Academy.ValidateNavigationBar -->
