<?xml version="1.0" encoding="UTF-8"?>
<!-- Generated by org.testng.reporters.JUnitReportReporter -->
<testsuite hostname="DESKTOP-DCMMFHS" failures="0" tests="1" name="Academy.ValidateNavigationBar" time="0.623" errors="0" timestamp="11 May 2020 22:46:04 GMT">
  <testcase classname="Academy.ValidateNavigationBar" name="validateAppNavigationBar" time="0.623"/>
</testsuite> <!-- Academy.ValidateNavigationBar -->
