<?xml version="1.0" encoding="UTF-8"?>
<!-- Generated by org.testng.reporters.JUnitReportReporter -->
<testsuite hostname="DESKTOP-DCMMFHS" failures="0" tests="3" name="Academy.ValidateCoursesPage" time="0.187" errors="0" timestamp="30 Apr 2020 06:25:24 GMT">
  <testcase classname="Academy.ValidateCoursesPage" name="validateTitle" time="0.069"/>
  <testcase classname="Academy.ValidateCoursesPage" name="validateLinkedinLink" time="0.086"/>
  <testcase classname="Academy.ValidateCoursesPage" name="validateLogin" time="0.032"/>
</testsuite> <!-- Academy.ValidateCoursesPage -->
